<?xml version="1.0" encoding="UTF-8"?>
<!-- Generated by org.testng.reporters.JUnitReportReporter -->
<testsuite hostname="DESKTOP-1GMU0CL" failures="0" tests="2" name="com.TestNG.Demo" time="20.941" errors="0" timestamp="2024-11-09T16:35:34 IST" skipped="0">
  <testcase classname="com.TestNG.Demo" name="GoogleSearch" time="8.918"/>
  <testcase classname="com.TestNG.Demo" name="Facebook" time="12.023"/>
</testsuite> <!-- com.TestNG.Demo -->
