<?xml version="1.0" encoding="UTF-8"?>
<!-- Generated by org.testng.reporters.JUnitReportReporter -->
<testsuite hostname="DESKTOP-1GMU0CL" failures="0" tests="2" name="com.TestNG.Annotations" time="9.019" errors="0" timestamp="2024-11-16T15:50:01 IST" skipped="0">
  <testcase classname="com.TestNG.Annotations" name="shose" time="4.496"/>
  <testcase classname="com.TestNG.Annotations" name="mobile" time="4.523"/>
</testsuite> <!-- com.TestNG.Annotations -->
