<?xml version="1.0" encoding="UTF-8"?>
<!-- Generated by org.testng.reporters.JUnitReportReporter -->
<testsuite hostname="DESKTOP-1GMU0CL" failures="0" tests="2" name="com.TestNG.CrossBrowingTesting" time="15.564" errors="0" timestamp="2024-11-16T15:46:51 IST" skipped="0">
  <testcase classname="com.TestNG.CrossBrowingTesting" name="GoogleSearch" time="7.556"/>
  <testcase classname="com.TestNG.CrossBrowingTesting" name="GoogleSearch" time="8.008"/>
</testsuite> <!-- com.TestNG.CrossBrowingTesting -->
