<?xml version="1.0" encoding="UTF-8"?>
<!-- Generated by org.testng.reporters.JUnitReportReporter -->
<testsuite hostname="DESKTOP-1GMU0CL" failures="0" tests="2" name="com.TestNG.windowHandling" time="12.701" errors="0" timestamp="2024-11-16T16:58:07 IST" skipped="0">
  <testcase classname="com.TestNG.windowHandling" name="mobile" time="8.640"/>
  <testcase classname="com.TestNG.windowHandling" name="shose" time="4.061"/>
</testsuite> <!-- com.TestNG.windowHandling -->
