<?xml version="1.0" encoding="UTF-8"?>
<!-- Generated by org.testng.reporters.JUnitReportReporter -->
<testsuite hostname="DESKTOP-1GMU0CL" failures="0" tests="2" name="com.TestNG.Demo" time="28.957" errors="0" timestamp="2024-12-07T16:27:08 IST" skipped="0">
  <testcase classname="com.TestNG.Demo" name="GoogleSearch" time="12.700"/>
  <testcase classname="com.TestNG.Demo" name="Facebook" time="16.257"/>
</testsuite> <!-- com.TestNG.Demo -->
